<?xml version="1.0" encoding="UTF-8"?>
<testng-results ignored="0" total="1" passed="1" failed="0" skipped="0">
  <reporter-output>
  </reporter-output>
  <suite started-at="2024-03-27T11:15:15 ICT" name="Default suite" finished-at="2024-03-27T11:15:19 ICT" duration-ms="4043">
    <groups>
    </groups>
    <test started-at="2024-03-27T11:15:15 ICT" name="Default test" finished-at="2024-03-27T11:15:19 ICT" duration-ms="4043">
      <class name="HH_HV.Add_HV">
        <test-method is-config="true" signature="beforeTest()[pri:0, instance:HH_HV.Add_HV@712625fd]" started-at="2024-03-27T11:15:15 ICT" name="beforeTest" finished-at="2024-03-27T11:15:18 ICT" duration-ms="3456" status="PASS">
          <reporter-output>
          </reporter-output>
        </test-method> <!-- beforeTest -->
        <test-method signature="Add_HV()[pri:0, instance:HH_HV.Add_HV@712625fd]" started-at="2024-03-27T11:15:18 ICT" name="Add_HV" finished-at="2024-03-27T11:15:19 ICT" duration-ms="560" status="PASS">
          <reporter-output>
          </reporter-output>
        </test-method> <!-- Add_HV -->
      </class> <!-- HH_HV.Add_HV -->
    </test> <!-- Default test -->
  </suite> <!-- Default suite -->
</testng-results>
